  game.c
c:\users\user\desktop\othello\retry.h(32): warning C4047: '==': 'int'의 간접 참조 수준이 'void *'과(와) 다릅니다.
c:\users\user\desktop\othello\retry.h(10): warning C4047: '초기화 중': 'char'의 간접 참조 수준이 'void *'과(와) 다릅니다.
c:\users\user\desktop\othello\retry.h(35): warning C4996: 'scanf': This function or variable may be unsafe. Consider using scanf_s instead. To disable deprecation, use _CRT_SECURE_NO_WARNINGS. See online help for details.
  C:\Program Files (x86)\Windows Kits\10\Include\10.0.14393.0\ucrt\stdio.h(1269): note: 'scanf' 선언을 참조하십시오.
c:\users\user\desktop\othello\getID.h(21): warning C4013: 'gets'이(가) 정의되지 않았습니다. extern은 int형을 반환하는 것으로 간주합니다.
c:\users\user\desktop\othello\startMenu.h(46): warning C4996: 'scanf': This function or variable may be unsafe. Consider using scanf_s instead. To disable deprecation, use _CRT_SECURE_NO_WARNINGS. See online help for details.
  C:\Program Files (x86)\Windows Kits\10\Include\10.0.14393.0\ucrt\stdio.h(1269): note: 'scanf' 선언을 참조하십시오.
c:\users\user\desktop\othello\printPlace.h(16): warning C4996: 'strcpy': This function or variable may be unsafe. Consider using strcpy_s instead. To disable deprecation, use _CRT_SECURE_NO_WARNINGS. See online help for details.
c:\users\user\desktop\othello\printPlace.h(21): warning C4996: 'strcpy': This function or variable may be unsafe. Consider using strcpy_s instead. To disable deprecation, use _CRT_SECURE_NO_WARNINGS. See online help for details.
c:\users\user\desktop\othello\printPlace.h(29): warning C4996: 'strcpy': This function or variable may be unsafe. Consider using strcpy_s instead. To disable deprecation, use _CRT_SECURE_NO_WARNINGS. See online help for details.
c:\users\user\desktop\othello\printPlace.h(33): warning C4996: 'strcpy': This function or variable may be unsafe. Consider using strcpy_s instead. To disable deprecation, use _CRT_SECURE_NO_WARNINGS. See online help for details.
c:\users\user\desktop\othello\printPlace.h(37): warning C4996: 'strcpy': This function or variable may be unsafe. Consider using strcpy_s instead. To disable deprecation, use _CRT_SECURE_NO_WARNINGS. See online help for details.
c:\users\user\desktop\othello\printBoard.h(16): warning C4996: 'strcpy': This function or variable may be unsafe. Consider using strcpy_s instead. To disable deprecation, use _CRT_SECURE_NO_WARNINGS. See online help for details.
c:\users\user\desktop\othello\printBoard.h(20): warning C4996: 'strcpy': This function or variable may be unsafe. Consider using strcpy_s instead. To disable deprecation, use _CRT_SECURE_NO_WARNINGS. See online help for details.
c:\users\user\desktop\othello\printBoard.h(24): warning C4996: 'strcpy': This function or variable may be unsafe. Consider using strcpy_s instead. To disable deprecation, use _CRT_SECURE_NO_WARNINGS. See online help for details.
game.c(60): warning C4047: '함수': 'char *'의 간접 참조 수준이 'char (*)[660000000]'과(와) 다릅니다.
game.c(60): warning C4024: 'getID': 형식 및 실제 매개 변수 1의 형식이 서로 다릅니다.
game.c(60): warning C4024: 'getID': 형식 및 실제 매개 변수 2의 형식이 서로 다릅니다.
game.c(150): warning C4047: '=': 'char'의 간접 참조 수준이 'void *'과(와) 다릅니다.
  코드를 생성하고 있습니다.
  0 of 18 functions ( 0.0%) were compiled, the rest were copied from previous compilation.
    0 functions were new in current compilation
    0 functions had inline decision re-evaluated but remain unchanged
  코드를 생성했습니다.
  Othello.vcxproj -> C:\Users\user\Desktop\Othello\Release\Othello.exe
